c:\users\家安\desktop\學校\二下\組合語言與系統程式\final\asm_201802_opengl_asm_project_imageprocessing_template\asm_201802_opengl_asm_project_imageprocessing_template\c_asm\release\vc141.pdb
c:\users\家安\desktop\學校\二下\組合語言與系統程式\final\asm_201802_opengl_asm_project_imageprocessing_template\asm_201802_opengl_asm_project_imageprocessing_template\c_asm\release\shape.obj
c:\users\家安\desktop\學校\二下\組合語言與系統程式\final\asm_201802_opengl_asm_project_imageprocessing_template\asm_201802_opengl_asm_project_imageprocessing_template\c_asm\release\particle_system.obj
c:\users\家安\desktop\學校\二下\組合語言與系統程式\final\asm_201802_opengl_asm_project_imageprocessing_template\asm_201802_opengl_asm_project_imageprocessing_template\c_asm\release\opengl_stuff .obj
c:\users\家安\desktop\學校\二下\組合語言與系統程式\final\asm_201802_opengl_asm_project_imageprocessing_template\asm_201802_opengl_asm_project_imageprocessing_template\c_asm\release\main.obj
c:\users\家安\desktop\學校\二下\組合語言與系統程式\final\asm_201802_opengl_asm_project_imageprocessing_template\asm_201802_opengl_asm_project_imageprocessing_template\c_asm\release\image.obj
d:\school\二下\組合語言與系統程式\final\asm_201802_opengl_asm_project_imageprocessing_template\asm_201802_opengl_asm_project_imageprocessing_template\c_asm\release\vc141.pdb
d:\school\二下\組合語言與系統程式\final\asm_201802_opengl_asm_project_imageprocessing_template\asm_201802_opengl_asm_project_imageprocessing_template\c_asm\release\shape.obj
d:\school\二下\組合語言與系統程式\final\asm_201802_opengl_asm_project_imageprocessing_template\asm_201802_opengl_asm_project_imageprocessing_template\c_asm\release\particle_system.obj
d:\school\二下\組合語言與系統程式\final\asm_201802_opengl_asm_project_imageprocessing_template\asm_201802_opengl_asm_project_imageprocessing_template\c_asm\release\opengl_stuff .obj
d:\school\二下\組合語言與系統程式\final\asm_201802_opengl_asm_project_imageprocessing_template\asm_201802_opengl_asm_project_imageprocessing_template\c_asm\release\main.obj
d:\school\二下\組合語言與系統程式\final\asm_201802_opengl_asm_project_imageprocessing_template\asm_201802_opengl_asm_project_imageprocessing_template\c_asm\release\image.obj
c:\users\家安\desktop\學校\二下\組合語言與系統程式\final\asm_201802_opengl_asm_project_imageprocessing_template\asm_201802_opengl_asm_project_imageprocessing_template\c_asm\release\asm.obj
c:\users\家安\desktop\學校\二下\組合語言與系統程式\final\asm_201802_opengl_asm_project_imageprocessing_template\asm_201802_opengl_asm_project_imageprocessing_template\release\c_asm.ipdb
c:\users\家安\desktop\學校\二下\組合語言與系統程式\final\asm_201802_opengl_asm_project_imageprocessing_template\asm_201802_opengl_asm_project_imageprocessing_template\release\c_asm.iobj
d:\school\二下\組合語言與系統程式\final\asm_201802_opengl_asm_project_imageprocessing_template\asm_201802_opengl_asm_project_imageprocessing_template\release\c_asm.ipdb
d:\school\二下\組合語言與系統程式\final\asm_201802_opengl_asm_project_imageprocessing_template\asm_201802_opengl_asm_project_imageprocessing_template\release\c_asm.iobj
c:\users\家安\desktop\學校\二下\組合語言與系統程式\final\asm_201802_opengl_asm_project_imageprocessing_template\asm_201802_opengl_asm_project_imageprocessing_template\release\c_asm.exe
c:\users\家安\desktop\學校\二下\組合語言與系統程式\final\asm_201802_opengl_asm_project_imageprocessing_template\asm_201802_opengl_asm_project_imageprocessing_template\release\c_asm.pdb
d:\school\二下\組合語言與系統程式\final\asm_201802_opengl_asm_project_imageprocessing_template\asm_201802_opengl_asm_project_imageprocessing_template\release\c_asm.exe
d:\school\二下\組合語言與系統程式\final\asm_201802_opengl_asm_project_imageprocessing_template\asm_201802_opengl_asm_project_imageprocessing_template\release\c_asm.pdb
d:\school\二下\組合語言與系統程式\final\asm_201802_opengl_asm_project_imageprocessing_template\asm_201802_opengl_asm_project_imageprocessing_template\c_asm\release\asm.obj
d:\school\n\組合語言與系統程式\final\asm_201802_opengl_asm_project_imageprocessing_template\asm_201802_opengl_asm_project_imageprocessing_template\c_asm\release\asm.obj
d:\school\n\組合語言與系統程式\final\asm_201802_opengl_asm_project_imageprocessing_template\asm_201802_opengl_asm_project_imageprocessing_template\c_asm\release\image.obj
d:\school\n\組合語言與系統程式\final\asm_201802_opengl_asm_project_imageprocessing_template\asm_201802_opengl_asm_project_imageprocessing_template\c_asm\release\main.obj
d:\school\n\組合語言與系統程式\final\asm_201802_opengl_asm_project_imageprocessing_template\asm_201802_opengl_asm_project_imageprocessing_template\c_asm\release\opengl_stuff .obj
d:\school\n\組合語言與系統程式\final\asm_201802_opengl_asm_project_imageprocessing_template\asm_201802_opengl_asm_project_imageprocessing_template\c_asm\release\particle_system.obj
d:\school\n\組合語言與系統程式\final\asm_201802_opengl_asm_project_imageprocessing_template\asm_201802_opengl_asm_project_imageprocessing_template\c_asm\release\shape.obj
d:\school\n\組合語言與系統程式\final\asm_201802_opengl_asm_project_imageprocessing_template\asm_201802_opengl_asm_project_imageprocessing_template\c_asm\release\vc141.pdb
d:\school\n\組合語言與系統程式\final\asm_201802_opengl_asm_project_imageprocessing_template\asm_201802_opengl_asm_project_imageprocessing_template\release\c_asm.pdb
d:\school\n\組合語言與系統程式\final\asm_201802_opengl_asm_project_imageprocessing_template\asm_201802_opengl_asm_project_imageprocessing_template\release\c_asm.exe
d:\school\n\組合語言與系統程式\final\asm_201802_opengl_asm_project_imageprocessing_template\asm_201802_opengl_asm_project_imageprocessing_template\c_asm\release\c_asm.tlog\cl.command.1.tlog
d:\school\n\組合語言與系統程式\final\asm_201802_opengl_asm_project_imageprocessing_template\asm_201802_opengl_asm_project_imageprocessing_template\c_asm\release\c_asm.tlog\cl.read.1.tlog
d:\school\n\組合語言與系統程式\final\asm_201802_opengl_asm_project_imageprocessing_template\asm_201802_opengl_asm_project_imageprocessing_template\c_asm\release\c_asm.tlog\cl.write.1.tlog
d:\school\n\組合語言與系統程式\final\asm_201802_opengl_asm_project_imageprocessing_template\asm_201802_opengl_asm_project_imageprocessing_template\c_asm\release\c_asm.tlog\c_asm.write.1u.tlog
d:\school\n\組合語言與系統程式\final\asm_201802_opengl_asm_project_imageprocessing_template\asm_201802_opengl_asm_project_imageprocessing_template\c_asm\release\c_asm.tlog\link.command.1.tlog
d:\school\n\組合語言與系統程式\final\asm_201802_opengl_asm_project_imageprocessing_template\asm_201802_opengl_asm_project_imageprocessing_template\c_asm\release\c_asm.tlog\link.read.1.tlog
d:\school\n\組合語言與系統程式\final\asm_201802_opengl_asm_project_imageprocessing_template\asm_201802_opengl_asm_project_imageprocessing_template\c_asm\release\c_asm.tlog\link.write.1.tlog
d:\school\n\組合語言與系統程式\final\asm_201802_opengl_asm_project_imageprocessing_template\asm_201802_opengl_asm_project_imageprocessing_template\c_asm\release\c_asm.tlog\masm.read.1u.tlog
d:\school\n\組合語言與系統程式\final\asm_201802_opengl_asm_project_imageprocessing_template\asm_201802_opengl_asm_project_imageprocessing_template\c_asm\release\c_asm.tlog\masm.write.1u.tlog
